[ 2016-11-18T00:00:22+08:00 ] 127.0.0.1 /index.php/City/shanghai
INFO: [ route_check ] --START--
INFO: CheckRoute Behavior ::run [ RunTime:0.000361s ]
INFO: [ route_check ] --END-- [ RunTime:0.000402s ]
NOTIC: [8192] preg_replace(): The /e modifier is deprecated, use preg_replace_callback instead /Users/erichu/Sites/ThinkPHP/base/Lib/Core/Dispatcher.class.php 第 132 行.
INFO: [ app_begin ] --START--
INFO: ReadHtmlCache Behavior ::run [ RunTime:0.000382s ]
INFO: [ app_begin ] --END-- [ RunTime:0.000419s ]

[ 2016-11-18T00:00:23+08:00 ] 127.0.0.1 /index.php/City/shanghai
INFO: [ route_check ] --START--
INFO: CheckRoute Behavior ::run [ RunTime:0.000470s ]
INFO: [ route_check ] --END-- [ RunTime:0.000544s ]
NOTIC: [8192] preg_replace(): The /e modifier is deprecated, use preg_replace_callback instead /Users/erichu/Sites/ThinkPHP/base/Lib/Core/Dispatcher.class.php 第 132 行.
INFO: [ app_begin ] --START--
INFO: ReadHtmlCache Behavior ::run [ RunTime:0.000247s ]
INFO: [ app_begin ] --END-- [ RunTime:0.000284s ]

[ 2016-11-18T00:01:00+08:00 ] 127.0.0.1 /index.php/City/shanghai
INFO: [ route_check ] --START--
INFO: CheckRoute Behavior ::run [ RunTime:0.000483s ]
INFO: [ route_check ] --END-- [ RunTime:0.000577s ]
NOTIC: [8192] preg_replace(): The /e modifier is deprecated, use preg_replace_callback instead /Users/erichu/Sites/ThinkPHP/base/Lib/Core/Dispatcher.class.php 第 132 行.
INFO: [ app_begin ] --START--
INFO: ReadHtmlCache Behavior ::run [ RunTime:0.000256s ]
INFO: [ app_begin ] --END-- [ RunTime:0.000302s ]

[ 2016-11-18T00:01:01+08:00 ] 127.0.0.1 /index.php/City/shanghai
INFO: [ route_check ] --START--
INFO: CheckRoute Behavior ::run [ RunTime:0.000361s ]
INFO: [ route_check ] --END-- [ RunTime:0.000404s ]
NOTIC: [8192] preg_replace(): The /e modifier is deprecated, use preg_replace_callback instead /Users/erichu/Sites/ThinkPHP/base/Lib/Core/Dispatcher.class.php 第 132 行.
INFO: [ app_begin ] --START--
INFO: ReadHtmlCache Behavior ::run [ RunTime:0.000244s ]
INFO: [ app_begin ] --END-- [ RunTime:0.000273s ]

